[     246ms] [INFO] %cDownload the React DevTools for a better development experience: https://react.dev/link/react-devtools font-weight:bold @ http://localhost:3000/_next/static/chunks/node_modules_next_dist_1ybzpk2._.js:2477
[     313ms] [LOG] [HMR] connected @ http://localhost:3000/_next/static/chunks/node_modules_next_dist_1ybzpk2._.js:2477
[  118332ms] [LOG] [Fast Refresh] rebuilding @ http://localhost:3000/_next/static/chunks/node_modules_next_dist_1ybzpk2._.js:2477
[  118768ms] [ERROR] ./src/components/BookmarkApp.tsx:8:1
Module not found: Can't resolve '@/app/lib/favicon'
   6 | import { useMemo, useState } from "react";
   7 | import { useBookmarks } from "@/app/lib/useBookmarks";
>  8 | import { getHostname } from "@/app/lib/favicon";
     | ^^^^^^^^^^^^^^^^^^^^^^^^^^^^^^^^^^^^^^^^^^^^^^^^
   9 | import type { Bookmark } from "@/app/lib/types";
  10 | import Sidebar, { type CategoryFilter } from "./Sidebar";
  11 | import BookmarkCard from "./BookmarkCard";

Import map: aliased to relative './app/lib/favicon' inside of [project]/

Import trace:
  Server Component:
    ./src/components/BookmarkApp.tsx
    ./app/page.tsx

https://nextjs.org/docs/messages/module-not-found @ http://localhost:3000/_next/static/chunks/node_modules_next_dist_1ybzpk2._.js:3318
[  118768ms] [ERROR] ./src/components/BookmarkCard.tsx:9:1
Module not found: Can't resolve '@/app/lib/favicon'
   7 | import { useState } from "react";
   8 | import type { Bookmark, Category } from "@/app/lib/types";
>  9 | import { getHostname, normalizeUrl } from "@/app/lib/favicon";
     | ^^^^^^^^^^^^^^^^^^^^^^^^^^^^^^^^^^^^^^^^^^^^^^^^^^^^^^^^^^^^^^
  10 | import Favicon from "./Favicon";
  11 |
  12 | interface BookmarkCardProps {

Import map: aliased to relative './app/lib/favicon' inside of [project]/

Import traces:
  Client Component Browser:
    ./src/components/BookmarkCard.tsx [Client Component Browser]
    ./src/components/BookmarkApp.tsx [Client Component Browser]
    ./src/components/BookmarkApp.tsx [Server Component]
    ./app/page.tsx [Server Component]

  Client Component SSR:
    ./src/components/BookmarkCard.tsx [Client Component SSR]
    ./src/components/BookmarkApp.tsx [Client Component SSR]
    ./src/components/BookmarkApp.tsx [Server Component]
    ./app/page.tsx [Server Component]

https://nextjs.org/docs/messages/module-not-found @ http://localhost:3000/_next/static/chunks/node_modules_next_dist_1ybzpk2._.js:3318
[  118769ms] [ERROR] ./src/components/Favicon.tsx:8:1
Module not found: Can't resolve '@/app/lib/favicon'
   6 |
   7 | import { useState } from "react";
>  8 | import { getFaviconUrl, getHostname } from "@/app/lib/favicon";
     | ^^^^^^^^^^^^^^^^^^^^^^^^^^^^^^^^^^^^^^^^^^^^^^^^^^^^^^^^^^^^^^^
   9 |
  10 | interface FaviconProps {
  11 |   url: string;

Import map: aliased to relative './app/lib/favicon' inside of [project]/

Import traces:
  Client Component Browser:
    ./src/components/Favicon.tsx [Client Component Browser]
    ./src/components/BookmarkCard.tsx [Client Component Browser]
    ./src/components/BookmarkApp.tsx [Client Component Browser]
    ./src/components/BookmarkApp.tsx [Server Component]
    ./app/page.tsx [Server Component]

  Client Component SSR:
    ./src/components/Favicon.tsx [Client Component SSR]
    ./src/components/BookmarkCard.tsx [Client Component SSR]
    ./src/components/BookmarkApp.tsx [Client Component SSR]
    ./src/components/BookmarkApp.tsx [Server Component]
    ./app/page.tsx [Server Component]

https://nextjs.org/docs/messages/module-not-found @ http://localhost:3000/_next/static/chunks/node_modules_next_dist_1ybzpk2._.js:3318
[  118769ms] [ERROR] ./src/components/BookmarkApp.tsx:7:1
Module not found: Can't resolve '@/app/lib/useBookmarks'
   5 |
   6 | import { useMemo, useState } from "react";
>  7 | import { useBookmarks } from "@/app/lib/useBookmarks";
     | ^^^^^^^^^^^^^^^^^^^^^^^^^^^^^^^^^^^^^^^^^^^^^^^^^^^^^^
   8 | import { getHostname } from "@/app/lib/favicon";
   9 | import type { Bookmark } from "@/app/lib/types";
  10 | import Sidebar, { type CategoryFilter } from "./Sidebar";

Import map: aliased to relative './app/lib/useBookmarks' inside of [project]/

Import trace:
  Server Component:
    ./src/components/BookmarkApp.tsx
    ./app/page.tsx

https://nextjs.org/docs/messages/module-not-found @ http://localhost:3000/_next/static/chunks/node_modules_next_dist_1ybzpk2._.js:3318
[  118808ms] [ERROR] ./src/components/BookmarkApp.tsx:8:1
Module not found: Can't resolve '@/app/lib/favicon'
   6 | import { useMemo, useState } from "react";
   7 | import { useBookmarks } from "@/app/lib/useBookmarks";
>  8 | import { getHostname } from "@/app/lib/favicon";
     | ^^^^^^^^^^^^^^^^^^^^^^^^^^^^^^^^^^^^^^^^^^^^^^^^
   9 | import type { Bookmark } from "@/app/lib/types";
  10 | import Sidebar, { type CategoryFilter } from "./Sidebar";
  11 | import BookmarkCard from "./BookmarkCard";

Import map: aliased to relative './app/lib/favicon' inside of [project]/

Import trace:
  Server Component:
    ./src/components/BookmarkApp.tsx
    ./app/page.tsx

https://nextjs.org/docs/messages/module-not-found @ http://localhost:3000/_next/static/chunks/node_modules_next_dist_1ybzpk2._.js:3318
[  118809ms] [ERROR] ./src/components/BookmarkCard.tsx:9:1
Module not found: Can't resolve '@/app/lib/favicon'
   7 | import { useState } from "react";
   8 | import type { Bookmark, Category } from "@/app/lib/types";
>  9 | import { getHostname, normalizeUrl } from "@/app/lib/favicon";
     | ^^^^^^^^^^^^^^^^^^^^^^^^^^^^^^^^^^^^^^^^^^^^^^^^^^^^^^^^^^^^^^
  10 | import Favicon from "./Favicon";
  11 |
  12 | interface BookmarkCardProps {

Import map: aliased to relative './app/lib/favicon' inside of [project]/

Import traces:
  Client Component Browser:
    ./src/components/BookmarkCard.tsx [Client Component Browser]
    ./src/components/BookmarkApp.tsx [Client Component Browser]
    ./src/components/BookmarkApp.tsx [Server Component]
    ./app/page.tsx [Server Component]

  Client Component SSR:
    ./src/components/BookmarkCard.tsx [Client Component SSR]
    ./src/components/BookmarkApp.tsx [Client Component SSR]
    ./src/components/BookmarkApp.tsx [Server Component]
    ./app/page.tsx [Server Component]

https://nextjs.org/docs/messages/module-not-found @ http://localhost:3000/_next/static/chunks/node_modules_next_dist_1ybzpk2._.js:3318
[  118809ms] [ERROR] ./src/components/Favicon.tsx:8:1
Module not found: Can't resolve '@/app/lib/favicon'
   6 |
   7 | import { useState } from "react";
>  8 | import { getFaviconUrl, getHostname } from "@/app/lib/favicon";
     | ^^^^^^^^^^^^^^^^^^^^^^^^^^^^^^^^^^^^^^^^^^^^^^^^^^^^^^^^^^^^^^^
   9 |
  10 | interface FaviconProps {
  11 |   url: string;

Import map: aliased to relative './app/lib/favicon' inside of [project]/

Import traces:
  Client Component Browser:
    ./src/components/Favicon.tsx [Client Component Browser]
    ./src/components/BookmarkCard.tsx [Client Component Browser]
    ./src/components/BookmarkApp.tsx [Client Component Browser]
    ./src/components/BookmarkApp.tsx [Server Component]
    ./app/page.tsx [Server Component]

  Client Component SSR:
    ./src/components/Favicon.tsx [Client Component SSR]
    ./src/components/BookmarkCard.tsx [Client Component SSR]
    ./src/components/BookmarkApp.tsx [Client Component SSR]
    ./src/components/BookmarkApp.tsx [Server Component]
    ./app/page.tsx [Server Component]

https://nextjs.org/docs/messages/module-not-found @ http://localhost:3000/_next/static/chunks/node_modules_next_dist_1ybzpk2._.js:3318
[  118809ms] [ERROR] ./src/components/BookmarkApp.tsx:7:1
Module not found: Can't resolve '@/app/lib/useBookmarks'
   5 |
   6 | import { useMemo, useState } from "react";
>  7 | import { useBookmarks } from "@/app/lib/useBookmarks";
     | ^^^^^^^^^^^^^^^^^^^^^^^^^^^^^^^^^^^^^^^^^^^^^^^^^^^^^^
   8 | import { getHostname } from "@/app/lib/favicon";
   9 | import type { Bookmark } from "@/app/lib/types";
  10 | import Sidebar, { type CategoryFilter } from "./Sidebar";

Import map: aliased to relative './app/lib/useBookmarks' inside of [project]/

Import trace:
  Server Component:
    ./src/components/BookmarkApp.tsx
    ./app/page.tsx

https://nextjs.org/docs/messages/module-not-found @ http://localhost:3000/_next/static/chunks/node_modules_next_dist_1ybzpk2._.js:3318
[  118810ms] [ERROR] ./src/components/BookmarkApp.tsx:8:1
Module not found: Can't resolve '@/app/lib/favicon'
   6 | import { useMemo, useState } from "react";
   7 | import { useBookmarks } from "@/app/lib/useBookmarks";
>  8 | import { getHostname } from "@/app/lib/favicon";
     | ^^^^^^^^^^^^^^^^^^^^^^^^^^^^^^^^^^^^^^^^^^^^^^^^
   9 | import type { Bookmark } from "@/app/lib/types";
  10 | import Sidebar, { type CategoryFilter } from "./Sidebar";
  11 | import BookmarkCard from "./BookmarkCard";

Import map: aliased to relative './app/lib/favicon' inside of [project]/

Import trace:
  Server Component:
    ./src/components/BookmarkApp.tsx
    ./app/page.tsx

https://nextjs.org/docs/messages/module-not-found @ http://localhost:3000/_next/static/chunks/node_modules_next_dist_1ybzpk2._.js:3318
[  118811ms] [ERROR] ./src/components/BookmarkCard.tsx:9:1
Module not found: Can't resolve '@/app/lib/favicon'
   7 | import { useState } from "react";
   8 | import type { Bookmark, Category } from "@/app/lib/types";
>  9 | import { getHostname, normalizeUrl } from "@/app/lib/favicon";
     | ^^^^^^^^^^^^^^^^^^^^^^^^^^^^^^^^^^^^^^^^^^^^^^^^^^^^^^^^^^^^^^
  10 | import Favicon from "./Favicon";
  11 |
  12 | interface BookmarkCardProps {

Import map: aliased to relative './app/lib/favicon' inside of [project]/

Import traces:
  Client Component Browser:
    ./src/components/BookmarkCard.tsx [Client Component Browser]
    ./src/components/BookmarkApp.tsx [Client Component Browser]
    ./src/components/BookmarkApp.tsx [Server Component]
    ./app/page.tsx [Server Component]

  Client Component SSR:
    ./src/components/BookmarkCard.tsx [Client Component SSR]
    ./src/components/BookmarkApp.tsx [Client Component SSR]
    ./src/components/BookmarkApp.tsx [Server Component]
    ./app/page.tsx [Server Component]

https://nextjs.org/docs/messages/module-not-found @ http://localhost:3000/_next/static/chunks/node_modules_next_dist_1ybzpk2._.js:3318
[  118811ms] [ERROR] ./src/components/Favicon.tsx:8:1
Module not found: Can't resolve '@/app/lib/favicon'
   6 |
   7 | import { useState } from "react";
>  8 | import { getFaviconUrl, getHostname } from "@/app/lib/favicon";
     | ^^^^^^^^^^^^^^^^^^^^^^^^^^^^^^^^^^^^^^^^^^^^^^^^^^^^^^^^^^^^^^^
   9 |
  10 | interface FaviconProps {
  11 |   url: string;

Import map: aliased to relative './app/lib/favicon' inside of [project]/

Import traces:
  Client Component Browser:
    ./src/components/Favicon.tsx [Client Component Browser]
    ./src/components/BookmarkCard.tsx [Client Component Browser]
    ./src/components/BookmarkApp.tsx [Client Component Browser]
    ./src/components/BookmarkApp.tsx [Server Component]
    ./app/page.tsx [Server Component]

  Client Component SSR:
    ./src/components/Favicon.tsx [Client Component SSR]
    ./src/components/BookmarkCard.tsx [Client Component SSR]
    ./src/components/BookmarkApp.tsx [Client Component SSR]
    ./src/components/BookmarkApp.tsx [Server Component]
    ./app/page.tsx [Server Component]

https://nextjs.org/docs/messages/module-not-found @ http://localhost:3000/_next/static/chunks/node_modules_next_dist_1ybzpk2._.js:3318
[  118811ms] [ERROR] ./src/components/BookmarkApp.tsx:7:1
Module not found: Can't resolve '@/app/lib/useBookmarks'
   5 |
   6 | import { useMemo, useState } from "react";
>  7 | import { useBookmarks } from "@/app/lib/useBookmarks";
     | ^^^^^^^^^^^^^^^^^^^^^^^^^^^^^^^^^^^^^^^^^^^^^^^^^^^^^^
   8 | import { getHostname } from "@/app/lib/favicon";
   9 | import type { Bookmark } from "@/app/lib/types";
  10 | import Sidebar, { type CategoryFilter } from "./Sidebar";

Import map: aliased to relative './app/lib/useBookmarks' inside of [project]/

Import trace:
  Server Component:
    ./src/components/BookmarkApp.tsx
    ./app/page.tsx

https://nextjs.org/docs/messages/module-not-found @ http://localhost:3000/_next/static/chunks/node_modules_next_dist_1ybzpk2._.js:3318
[  118826ms] [LOG] [Fast Refresh] rebuilding @ http://localhost:3000/_next/static/chunks/node_modules_next_dist_1ybzpk2._.js:2477
[  119410ms] [LOG] [Fast Refresh] rebuilding @ http://localhost:3000/_next/static/chunks/node_modules_next_dist_1ybzpk2._.js:2477
[  119410ms] [LOG] [Fast Refresh] done in 1ms @ http://localhost:3000/_next/static/chunks/node_modules_next_dist_1ybzpk2._.js:2477
[  119525ms] [LOG] [Fast Refresh] rebuilding @ http://localhost:3000/_next/static/chunks/node_modules_next_dist_1ybzpk2._.js:2477
[  119585ms] [LOG] [Fast Refresh] done in 162ms @ http://localhost:3000/_next/static/chunks/node_modules_next_dist_1ybzpk2._.js:2477
[  119695ms] [LOG] [Fast Refresh] rebuilding @ http://localhost:3000/_next/static/chunks/node_modules_next_dist_1ybzpk2._.js:2477
[  119698ms] [LOG] [Fast Refresh] done in 110ms @ http://localhost:3000/_next/static/chunks/node_modules_next_dist_1ybzpk2._.js:2477
[  119896ms] [LOG] [Fast Refresh] rebuilding @ http://localhost:3000/_next/static/chunks/node_modules_next_dist_1ybzpk2._.js:2477
[  119989ms] [LOG] [Fast Refresh] done in 197ms @ http://localhost:3000/_next/static/chunks/node_modules_next_dist_1ybzpk2._.js:2477
[  163860ms] [INFO] %cDownload the React DevTools for a better development experience: https://react.dev/link/react-devtools font-weight:bold @ http://localhost:3000/_next/static/chunks/node_modules_next_dist_1ybzpk2._.js:2477
[  163875ms] [LOG] [HMR] connected @ http://localhost:3000/_next/static/chunks/node_modules_next_dist_1ybzpk2._.js:2477
